<?xml version="1.0" encoding="UTF-8"?>
<!-- Generated by org.testng.reporters.JUnitReportReporter -->
<testsuite hostname="DESKTOP-6CV4G98" failures="0" tests="1" name="tests.HomePageTest" time="3.776" errors="0" timestamp="2022-11-23T21:48:20 IST" skipped="0">
  <testcase classname="tests.HomePageTest" name="logout" time="3.776"/>
  <system-out/>
</testsuite> <!-- tests.HomePageTest -->
