<?xml version="1.0" encoding="UTF-8"?>
<!-- Generated by org.testng.reporters.JUnitReportReporter -->
<testsuite hostname="DESKTOP-6CV4G98" failures="0" tests="1" name="tests.LoginTest" time="3.788" errors="0" timestamp="2022-11-23T21:48:20 IST" skipped="0">
  <testcase classname="tests.LoginTest" name="login" time="3.788"/>
  <system-out/>
</testsuite> <!-- tests.LoginTest -->
